<?xml version="1.0" encoding="UTF-8"?>
<!-- Generated by org.testng.reporters.JUnitReportReporter -->
<testsuite skipped="1" hostname="LIGHTNING-LAPTOP" name="test.computer.BuyingStandardComputerTest" tests="1" failures="0" timestamp="2022-09-20T20:39:47 ICT" time="0.000" errors="0">
  <testcase name="testBuyingStandardComputer" time="0.000" classname="test.computer.BuyingStandardComputerTest">
    <skipped/>
  </testcase> <!-- testBuyingStandardComputer -->
  <system-out/>
</testsuite> <!-- test.computer.BuyingStandardComputerTest -->
