<?xml version="1.0" encoding="UTF-8"?>
<!-- Generated by org.testng.reporters.JUnitReportReporter -->
<testsuite hostname="LIGHTNING-LAPTOP" failures="0" tests="1" name="test.computer.BuyingCheapComputerTest" time="0.000" errors="0" timestamp="2022-09-28T10:11:06 ICT" skipped="1">
  <testcase classname="test.computer.BuyingCheapComputerTest" name="testBuyingCheapComputer" time="0.000">
    <skipped/>
  </testcase> <!-- testBuyingCheapComputer -->
  <system-out/>
</testsuite> <!-- test.computer.BuyingCheapComputerTest -->
